    OpenRGB v0.9
    Commit:  from 
    Launched: 20250317_162356
====================================================================================================

0     |Info:    Found file: Stealth.orp attempting to validate header
0     |Info:    Valid v4 profile found for Stealth
1001  |Info:    ------------------------------------------------------
1001  |Info:    |               Start device detection               |
1001  |Info:    ------------------------------------------------------
1001  |Info:    Initializing HID interfaces: Success
1004  |Info:    ------------------------------------------------------
1004  |Info:    |             Detecting I2C interfaces               |
1004  |Info:    ------------------------------------------------------
1005  |Info:    Registering I2C interface: /dev/i2c-3 Device 1002:73DF Subsystem: 1EAE:6710
1005  |Warning: [i2c_smbus_linux] Failed to read i2c device PCI device ID
1005  |Info:    Registering I2C interface: /dev/i2c-10 Device 0000:0000 Subsystem: 0000:0000
1005  |Info:    Registering I2C interface: /dev/i2c-1 Device 0000:0000 Subsystem: 0000:0000
1005  |Warning: [i2c_smbus_linux] Failed to read i2c device PCI device ID
1005  |Info:    Registering I2C interface: /dev/i2c-8 Device 0000:0000 Subsystem: 0000:0000
1005  |Info:    Registering I2C interface: /dev/i2c-6 Device 1002:73DF Subsystem: 1EAE:6710
1005  |Info:    Registering I2C interface: /dev/i2c-4 Device 1002:73DF Subsystem: 1EAE:6710
1005  |Info:    Registering I2C interface: /dev/i2c-2 Device 1002:73DF Subsystem: 1EAE:6710
1005  |Info:    Registering I2C interface: /dev/i2c-0 Device 0000:0000 Subsystem: 0000:0000
1005  |Warning: [i2c_smbus_linux] Failed to read i2c device PCI device ID
1005  |Info:    Registering I2C interface: /dev/i2c-9 Device 0000:0000 Subsystem: 0000:0000
1005  |Info:    Registering I2C interface: /dev/i2c-7 Device 1002:73DF Subsystem: 1EAE:6710
1005  |Info:    Registering I2C interface: /dev/i2c-5 Device 1002:73DF Subsystem: 1EAE:6710
1005  |Info:    ------------------------------------------------------
1005  |Info:    |               Detecting I2C devices                |
1005  |Info:    ------------------------------------------------------
1311  |Info:    ------------------------------------------------------
1311  |Info:    |               Detecting I2C PCI devices            |
1311  |Info:    ------------------------------------------------------
1312  |Info:    ------------------------------------------------------
1312  |Info:    |               Detecting HID devices                |
1312  |Info:    ------------------------------------------------------
1491  |Info:    [B650 EAGLE AX] Registering RGB controller
1955  |Info:    Unable add this Logitech device: Not Connected
2309  |Info:    Unable add this Logitech device: Not Connected
2663  |Info:    Unable add this Logitech device: Not Connected
3017  |Info:    Unable add this Logitech device: Not Connected
3371  |Info:    Unable add this Logitech device: Not Connected
3725  |Info:    Unable add this Logitech device: Not Connected
4079  |Info:    Unable add this Logitech device: Not Connected
4433  |Info:    Unable add this Logitech device: Not Connected
4787  |Info:    Unable add this Logitech device: Not Connected
5141  |Info:    Unable add this Logitech device: Not Connected
5141  |Info:    ------------------------------------------------------
5141  |Info:    |            Detecting libusb HID devices            |
5141  |Info:    ------------------------------------------------------
5193  |Info:    ------------------------------------------------------
5193  |Info:    |              Detecting other devices               |
5193  |Info:    ------------------------------------------------------
5198  |Info:    ------------------------------------------------------
5198  |Info:    |                Detection completed                 |
5198  |Info:    ------------------------------------------------------
16101 |Info:    Profile loading: Succeeded for B650 EAGLE AX @ HID: /dev/hidraw1
