    OpenRGB v0.9
    Commit:  from 
    Launched: 20250316_183215
====================================================================================================

1001  |Info:    ------------------------------------------------------
1001  |Info:    |               Start device detection               |
1001  |Info:    ------------------------------------------------------
1002  |Info:    Initializing HID interfaces: Success
1006  |Info:    ------------------------------------------------------
1006  |Info:    |             Detecting I2C interfaces               |
1006  |Info:    ------------------------------------------------------
1006  |Info:    Registering I2C interface: /dev/i2c-3 Device 1002:73DF Subsystem: 1EAE:6710
1006  |Warning: [i2c_smbus_linux] Failed to read i2c device PCI device ID
1007  |Info:    Registering I2C interface: /dev/i2c-10 Device 0000:0000 Subsystem: 0000:0000
1007  |Info:    Registering I2C interface: /dev/i2c-1 Device 0000:0000 Subsystem: 0000:0000
1007  |Warning: [i2c_smbus_linux] Failed to read i2c device PCI device ID
1007  |Info:    Registering I2C interface: /dev/i2c-8 Device 0000:0000 Subsystem: 0000:0000
1007  |Info:    Registering I2C interface: /dev/i2c-6 Device 1002:73DF Subsystem: 1EAE:6710
1007  |Info:    Registering I2C interface: /dev/i2c-4 Device 1002:73DF Subsystem: 1EAE:6710
1007  |Info:    Registering I2C interface: /dev/i2c-2 Device 1002:73DF Subsystem: 1EAE:6710
1007  |Info:    Registering I2C interface: /dev/i2c-0 Device 0000:0000 Subsystem: 0000:0000
1007  |Warning: [i2c_smbus_linux] Failed to read i2c device PCI device ID
1007  |Info:    Registering I2C interface: /dev/i2c-9 Device 0000:0000 Subsystem: 0000:0000
1007  |Info:    Registering I2C interface: /dev/i2c-7 Device 1002:73DF Subsystem: 1EAE:6710
1007  |Info:    Registering I2C interface: /dev/i2c-5 Device 1002:73DF Subsystem: 1EAE:6710
1007  |Info:    ------------------------------------------------------
1007  |Info:    |               Detecting I2C devices                |
1007  |Info:    ------------------------------------------------------
1313  |Info:    ------------------------------------------------------
1313  |Info:    |               Detecting I2C PCI devices            |
1313  |Info:    ------------------------------------------------------
1314  |Info:    ------------------------------------------------------
1314  |Info:    |               Detecting HID devices                |
1314  |Info:    ------------------------------------------------------
1488  |Info:    [B650 EAGLE AX] Registering RGB controller
10412 |Info:    [G502 LIGHTSPEED Wireless Gaming Mouse] Registering RGB controller
10413 |Info:    ------------------------------------------------------
10413 |Info:    |            Detecting libusb HID devices            |
10413 |Info:    ------------------------------------------------------
10466 |Info:    ------------------------------------------------------
10466 |Info:    |              Detecting other devices               |
10466 |Info:    ------------------------------------------------------
10472 |Info:    ------------------------------------------------------
10472 |Info:    |                Detection completed                 |
10472 |Info:    ------------------------------------------------------
28743 |Info:    Profile loading: FAILED! for B650 EAGLE AX @ HID: /dev/hidraw0
28743 |Info:    Profile loading: FAILED! for G502 LIGHTSPEED Wireless Gaming Mouse @ HID: /dev/hidraw7 (Receiver) 
Wireless Index: 255
