    OpenRGB v0.9
    Commit:  from 
    Launched: 20250318_045134
====================================================================================================

0     |Info:    Found file: Stealth.orp attempting to validate header
1     |Info:    Valid v4 profile found for Stealth
1002  |Info:    ------------------------------------------------------
1002  |Info:    |               Start device detection               |
1002  |Info:    ------------------------------------------------------
1003  |Info:    Initializing HID interfaces: Success
1007  |Info:    ------------------------------------------------------
1007  |Info:    |             Detecting I2C interfaces               |
1007  |Info:    ------------------------------------------------------
1007  |Info:    Registering I2C interface: /dev/i2c-3 Device 1002:73DF Subsystem: 1EAE:6710
1007  |Warning: [i2c_smbus_linux] Failed to read i2c device PCI device ID
1007  |Info:    Registering I2C interface: /dev/i2c-10 Device 0000:0000 Subsystem: 0000:0000
1007  |Info:    Registering I2C interface: /dev/i2c-1 Device 0000:0000 Subsystem: 0000:0000
1007  |Warning: [i2c_smbus_linux] Failed to read i2c device PCI device ID
1007  |Info:    Registering I2C interface: /dev/i2c-8 Device 0000:0000 Subsystem: 0000:0000
1007  |Info:    Registering I2C interface: /dev/i2c-6 Device 1002:73DF Subsystem: 1EAE:6710
1007  |Info:    Registering I2C interface: /dev/i2c-4 Device 1002:73DF Subsystem: 1EAE:6710
1007  |Info:    Registering I2C interface: /dev/i2c-2 Device 1002:73DF Subsystem: 1EAE:6710
1007  |Info:    Registering I2C interface: /dev/i2c-0 Device 0000:0000 Subsystem: 0000:0000
1008  |Warning: [i2c_smbus_linux] Failed to read i2c device PCI device ID
1008  |Info:    Registering I2C interface: /dev/i2c-9 Device 0000:0000 Subsystem: 0000:0000
1008  |Info:    Registering I2C interface: /dev/i2c-7 Device 1002:73DF Subsystem: 1EAE:6710
1008  |Info:    Registering I2C interface: /dev/i2c-5 Device 1002:73DF Subsystem: 1EAE:6710
1008  |Info:    ------------------------------------------------------
1008  |Info:    |               Detecting I2C devices                |
1008  |Info:    ------------------------------------------------------
1313  |Info:    ------------------------------------------------------
1313  |Info:    |               Detecting I2C PCI devices            |
1313  |Info:    ------------------------------------------------------
1314  |Info:    ------------------------------------------------------
1314  |Info:    |               Detecting HID devices                |
1314  |Info:    ------------------------------------------------------
1488  |Info:    [B650 EAGLE AX] Registering RGB controller
3117  |Info:    [G502 LIGHTSPEED Wireless Gaming Mouse] Registering RGB controller
3117  |Info:    ------------------------------------------------------
3117  |Info:    |            Detecting libusb HID devices            |
3117  |Info:    ------------------------------------------------------
3172  |Info:    ------------------------------------------------------
3172  |Info:    |              Detecting other devices               |
3172  |Info:    ------------------------------------------------------
3178  |Info:    ------------------------------------------------------
3178  |Info:    |                Detection completed                 |
3178  |Info:    ------------------------------------------------------
5265  |Info:    Profile loading: Succeeded for B650 EAGLE AX @ HID: /dev/hidraw1
5265  |Info:    Profile loading: Succeeded for G502 LIGHTSPEED Wireless Gaming Mouse @ HID: /dev/hidraw6 (Receiver) 
Wireless Index: 255
