    OpenRGB v0.9
    Commit:  from 
    Launched: 20250312_215917
====================================================================================================

1001  |Info:    Saving detector settings
1001  |Info:    ------------------------------------------------------
1001  |Info:    |               Start device detection               |
1001  |Info:    ------------------------------------------------------
1002  |Info:    Initializing HID interfaces: Success
1006  |Info:    ------------------------------------------------------
1006  |Info:    |             Detecting I2C interfaces               |
1006  |Info:    ------------------------------------------------------
1007  |Info:    Registering I2C interface: /dev/i2c-3 Device 1002:73DF Subsystem: 1EAE:6710
1007  |Warning: [i2c_smbus_linux] Failed to read i2c device PCI device ID
1007  |Info:    Registering I2C interface: /dev/i2c-10 Device 0000:0000 Subsystem: 0000:0000
1007  |Info:    Registering I2C interface: /dev/i2c-1 Device 0000:0000 Subsystem: 0000:0000
1007  |Warning: [i2c_smbus_linux] Failed to read i2c device PCI device ID
1007  |Info:    Registering I2C interface: /dev/i2c-8 Device 0000:0000 Subsystem: 0000:0000
1007  |Info:    Registering I2C interface: /dev/i2c-6 Device 1002:73DF Subsystem: 1EAE:6710
1007  |Info:    Registering I2C interface: /dev/i2c-4 Device 1002:73DF Subsystem: 1EAE:6710
1007  |Info:    Registering I2C interface: /dev/i2c-2 Device 1002:73DF Subsystem: 1EAE:6710
1007  |Info:    Registering I2C interface: /dev/i2c-0 Device 0000:0000 Subsystem: 0000:0000
1007  |Warning: [i2c_smbus_linux] Failed to read i2c device PCI device ID
1007  |Info:    Registering I2C interface: /dev/i2c-9 Device 0000:0000 Subsystem: 0000:0000
1007  |Info:    Registering I2C interface: /dev/i2c-7 Device 1002:73DF Subsystem: 1EAE:6710
1007  |Info:    Registering I2C interface: /dev/i2c-5 Device 1002:73DF Subsystem: 1EAE:6710
1007  |Info:    ------------------------------------------------------
1007  |Info:    |               Detecting I2C devices                |
1007  |Info:    ------------------------------------------------------
1314  |Info:    ------------------------------------------------------
1314  |Info:    |               Detecting I2C PCI devices            |
1314  |Info:    ------------------------------------------------------
1314  |Info:    ------------------------------------------------------
1314  |Info:    |               Detecting HID devices                |
1315  |Info:    ------------------------------------------------------
1488  |Info:    [B650 EAGLE AX] Registering RGB controller
2041  |Info:    [G502 LIGHTSPEED Wireless Gaming Mouse] Registering RGB controller
2041  |Info:    ------------------------------------------------------
2041  |Info:    |            Detecting libusb HID devices            |
2041  |Info:    ------------------------------------------------------
2093  |Info:    ------------------------------------------------------
2093  |Info:    |              Detecting other devices               |
2093  |Info:    ------------------------------------------------------
2099  |Info:    ------------------------------------------------------
2099  |Info:    |                Detection completed                 |
2099  |Info:    ------------------------------------------------------
