    OpenRGB v0.9
    Commit:  from 
    Launched: 20250317_102839
====================================================================================================

1002  |Info:    ------------------------------------------------------
1002  |Info:    |               Start device detection               |
1002  |Info:    ------------------------------------------------------
1002  |Info:    Initializing HID interfaces: Success
1007  |Info:    ------------------------------------------------------
1007  |Info:    |             Detecting I2C interfaces               |
1007  |Info:    ------------------------------------------------------
1007  |Info:    Registering I2C interface: /dev/i2c-3 Device 1002:73DF Subsystem: 1EAE:6710
1007  |Warning: [i2c_smbus_linux] Failed to read i2c device PCI device ID
1007  |Info:    Registering I2C interface: /dev/i2c-10 Device 0000:0000 Subsystem: 0000:0000
1007  |Info:    Registering I2C interface: /dev/i2c-1 Device 0000:0000 Subsystem: 0000:0000
1007  |Warning: [i2c_smbus_linux] Failed to read i2c device PCI device ID
1007  |Info:    Registering I2C interface: /dev/i2c-8 Device 0000:0000 Subsystem: 0000:0000
1007  |Info:    Registering I2C interface: /dev/i2c-6 Device 1002:73DF Subsystem: 1EAE:6710
1007  |Info:    Registering I2C interface: /dev/i2c-4 Device 1002:73DF Subsystem: 1EAE:6710
1007  |Info:    Registering I2C interface: /dev/i2c-2 Device 1002:73DF Subsystem: 1EAE:6710
1007  |Info:    Registering I2C interface: /dev/i2c-0 Device 0000:0000 Subsystem: 0000:0000
1007  |Warning: [i2c_smbus_linux] Failed to read i2c device PCI device ID
1007  |Info:    Registering I2C interface: /dev/i2c-9 Device 0000:0000 Subsystem: 0000:0000
1007  |Info:    Registering I2C interface: /dev/i2c-7 Device 1002:73DF Subsystem: 1EAE:6710
1007  |Info:    Registering I2C interface: /dev/i2c-5 Device 1002:73DF Subsystem: 1EAE:6710
1007  |Info:    ------------------------------------------------------
1007  |Info:    |               Detecting I2C devices                |
1007  |Info:    ------------------------------------------------------
1313  |Info:    ------------------------------------------------------
1313  |Info:    |               Detecting I2C PCI devices            |
1313  |Info:    ------------------------------------------------------
1314  |Info:    ------------------------------------------------------
1314  |Info:    |               Detecting HID devices                |
1314  |Info:    ------------------------------------------------------
1490  |Info:    [B650 EAGLE AX] Registering RGB controller
1957  |Info:    Unable add this Logitech device: Not Connected
2311  |Info:    Unable add this Logitech device: Not Connected
2665  |Info:    Unable add this Logitech device: Not Connected
3019  |Info:    Unable add this Logitech device: Not Connected
3373  |Info:    Unable add this Logitech device: Not Connected
3727  |Info:    Unable add this Logitech device: Not Connected
4081  |Info:    Unable add this Logitech device: Not Connected
4435  |Info:    Unable add this Logitech device: Not Connected
4789  |Info:    Unable add this Logitech device: Not Connected
5143  |Info:    Unable add this Logitech device: Not Connected
5143  |Info:    ------------------------------------------------------
5143  |Info:    |            Detecting libusb HID devices            |
5143  |Info:    ------------------------------------------------------
5195  |Info:    ------------------------------------------------------
5195  |Info:    |              Detecting other devices               |
5195  |Info:    ------------------------------------------------------
5201  |Info:    ------------------------------------------------------
5201  |Info:    |                Detection completed                 |
5201  |Info:    ------------------------------------------------------
